[0228/205613.904:ERROR:process_memory_win.cc(73)] ReadMemory at 0x7ff73dbb0000 of 64 bytes failed: Only part of a ReadProcessMemory or WriteProcessMemory request was completed. (0x12B)
[0228/205613.906:WARNING:pe_image_reader.cc(340)] could not read dos header from C:\Program Files (x86)\Google\Chrome\Application\chrome.exe
[0228/205613.907:ERROR:process_memory_win.cc(73)] ReadMemory at 0x7ffb16d40000 of 64 bytes failed: Only part of a ReadProcessMemory or WriteProcessMemory request was completed. (0x12B)
[0228/205613.907:WARNING:pe_image_reader.cc(340)] could not read dos header from C:\WINDOWS\SYSTEM32\ntdll.dll
[0228/205613.907:ERROR:process_memory_win.cc(73)] ReadMemory at 0x7ffb16530000 of 64 bytes failed: Only part of a ReadProcessMemory or WriteProcessMemory request was completed. (0x12B)
[0228/205613.909:WARNING:pe_image_reader.cc(340)] could not read dos header from C:\WINDOWS\System32\KERNEL32.DLL
[0228/205613.909:ERROR:process_memory_win.cc(73)] ReadMemory at 0x7ffb14770000 of 64 bytes failed: Only part of a ReadProcessMemory or WriteProcessMemory request was completed. (0x12B)
[0228/205613.909:WARNING:pe_image_reader.cc(340)] could not read dos header from C:\WINDOWS\System32\KERNELBASE.dll
[0228/205613.909:ERROR:process_memory_win.cc(73)] ReadMemory at 0x7ffad9af0000 of 64 bytes failed: Only part of a ReadProcessMemory or WriteProcessMemory request was completed. (0x12B)
[0228/205613.909:WARNING:pe_image_reader.cc(340)] could not read dos header from C:\Program Files (x86)\Google\Chrome\Application\80.0.3987.122\chrome_elf.dll
[0228/205613.909:ERROR:process_memory_win.cc(73)] ReadMemory at 0x7ffb09d60000 of 64 bytes failed: Only part of a ReadProcessMemory or WriteProcessMemory request was completed. (0x12B)
[0228/205613.909:WARNING:pe_image_reader.cc(340)] could not read dos header from C:\WINDOWS\SYSTEM32\VERSION.dll
[0228/205613.909:ERROR:process_memory_win.cc(73)] ReadMemory at 0x7ffb16200000 of 64 bytes failed: Only part of a ReadProcessMemory or WriteProcessMemory request was completed. (0x12B)
[0228/205613.909:WARNING:pe_image_reader.cc(340)] could not read dos header from C:\WINDOWS\System32\msvcrt.dll
[0228/205613.909:ERROR:process_memory_win.cc(73)] ReadMemory at 0x7ffb13cd0000 of 64 bytes failed: Only part of a ReadProcessMemory or WriteProcessMemory request was completed. (0x12B)
[0228/205613.909:WARNING:pe_image_reader.cc(340)] could not read dos header from C:\WINDOWS\System32\bcryptPrimitives.dll
[0228/205613.909:ERROR:process_memory_win.cc(73)] ReadMemory at 0x7ffb16480000 of 64 bytes failed: Only part of a ReadProcessMemory or WriteProcessMemory request was completed. (0x12B)
[0228/205613.909:WARNING:pe_image_reader.cc(340)] could not read dos header from C:\WINDOWS\System32\ADVAPI32.dll
[0228/205613.909:ERROR:process_memory_win.cc(73)] ReadMemory at 0x7ffb16020000 of 64 bytes failed: Only part of a ReadProcessMemory or WriteProcessMemory request was completed. (0x12B)
[0228/205613.909:WARNING:pe_image_reader.cc(340)] could not read dos header from C:\WINDOWS\System32\sechost.dll
[0228/205613.909:ERROR:process_memory_win.cc(73)] ReadMemory at 0x7ffb169c0000 of 64 bytes failed: Only part of a ReadProcessMemory or WriteProcessMemory request was completed. (0x12B)
[0228/205613.909:WARNING:pe_image_reader.cc(340)] could not read dos header from C:\WINDOWS\System32\RPCRT4.dll
[0228/205613.909:ERROR:process_memory_win.cc(73)] ReadMemory at 0x7ffac2fd0000 of 64 bytes failed: Only part of a ReadProcessMemory or WriteProcessMemory request was completed. (0x12B)
[0228/205613.909:WARNING:pe_image_reader.cc(340)] could not read dos header from C:\Program Files (x86)\Google\Chrome\Application\80.0.3987.122\chrome.dll
[0228/205613.909:ERROR:process_memory_win.cc(73)] ReadMemory at 0x7ffb16190000 of 64 bytes failed: Only part of a ReadProcessMemory or WriteProcessMemory request was completed. (0x12B)
[0228/205613.910:WARNING:pe_image_reader.cc(340)] could not read dos header from C:\WINDOWS\System32\WS2_32.dll
[0228/205613.910:ERROR:process_memory_win.cc(73)] ReadMemory at 0x7ffb15590000 of 64 bytes failed: Only part of a ReadProcessMemory or WriteProcessMemory request was completed. (0x12B)
[0228/205613.910:WARNING:pe_image_reader.cc(340)] could not read dos header from C:\WINDOWS\System32\OLEAUT32.dll
[0228/205613.910:ERROR:process_memory_win.cc(73)] ReadMemory at 0x7ffb13ef0000 of 64 bytes failed: Only part of a ReadProcessMemory or WriteProcessMemory request was completed. (0x12B)
[0228/205613.910:WARNING:pe_image_reader.cc(340)] could not read dos header from C:\WINDOWS\System32\msvcp_win.dll
[0228/205613.910:ERROR:process_memory_win.cc(73)] ReadMemory at 0x7ffb14a20000 of 64 bytes failed: Only part of a ReadProcessMemory or WriteProcessMemory request was completed. (0x12B)
[0228/205613.910:WARNING:pe_image_reader.cc(340)] could not read dos header from C:\WINDOWS\System32\ucrtbase.dll
[0228/205613.910:ERROR:process_memory_win.cc(73)] ReadMemory at 0x7ffb16660000 of 64 bytes failed: Only part of a ReadProcessMemory or WriteProcessMemory request was completed. (0x12B)
[0228/205613.910:WARNING:pe_image_reader.cc(340)] could not read dos header from C:\WINDOWS\System32\combase.dll
[0228/205613.910:ERROR:process_memory_win.cc(73)] ReadMemory at 0x7ffb13f90000 of 64 bytes failed: Only part of a ReadProcessMemory or WriteProcessMemory request was completed. (0x12B)
[0228/205613.910:WARNING:pe_image_reader.cc(340)] could not read dos header from C:\WINDOWS\System32\WINTRUST.dll
[0228/205613.910:ERROR:process_memory_win.cc(73)] ReadMemory at 0x7ffb13c20000 of 64 bytes failed: Only part of a ReadProcessMemory or WriteProcessMemory request was completed. (0x12B)
[0228/205613.910:WARNING:pe_image_reader.cc(340)] could not read dos header from C:\WINDOWS\System32\MSASN1.dll
[0228/205613.910:ERROR:process_memory_win.cc(73)] ReadMemory at 0x7ffb13da0000 of 64 bytes failed: Only part of a ReadProcessMemory or WriteProcessMemory request was completed. (0x12B)
[0228/205613.910:WARNING:pe_image_reader.cc(340)] could not read dos header from C:\WINDOWS\System32\CRYPT32.dll
[0228/205613.910:ERROR:process_memory_win.cc(73)] ReadMemory at 0x7ffb13150000 of 64 bytes failed: Only part of a ReadProcessMemory or WriteProcessMemory request was completed. (0x12B)
[0228/205613.910:WARNING:pe_image_reader.cc(340)] could not read dos header from C:\WINDOWS\SYSTEM32\IPHLPAPI.DLL
[0228/205613.910:ERROR:process_memory_win.cc(73)] ReadMemory at 0x7ffb113a0000 of 64 bytes failed: Only part of a ReadProcessMemory or WriteProcessMemory request was completed. (0x12B)
[0228/205613.910:WARNING:pe_image_reader.cc(340)] could not read dos header from C:\WINDOWS\SYSTEM32\WINMM.dll
[0228/205613.910:ERROR:process_memory_win.cc(73)] ReadMemory at 0x7ffaf51f0000 of 64 bytes failed: Only part of a ReadProcessMemory or WriteProcessMemory request was completed. (0x12B)
[0228/205613.910:WARNING:pe_image_reader.cc(340)] could not read dos header from C:\WINDOWS\SYSTEM32\Secur32.dll
[0228/205613.910:ERROR:process_memory_win.cc(73)] ReadMemory at 0x7ffb13b30000 of 64 bytes failed: Only part of a ReadProcessMemory or WriteProcessMemory request was completed. (0x12B)
[0228/205613.911:WARNING:pe_image_reader.cc(340)] could not read dos header from C:\WINDOWS\SYSTEM32\USERENV.dll
[0228/205613.911:ERROR:process_memory_win.cc(73)] ReadMemory at 0x7ffb13cb0000 of 64 bytes failed: Only part of a ReadProcessMemory or WriteProcessMemory request was completed. (0x12B)
[0228/205613.911:WARNING:pe_image_reader.cc(340)] could not read dos header from C:\WINDOWS\System32\profapi.dll
[0228/205613.911:ERROR:process_memory_win.cc(73)] ReadMemory at 0x7ffae7290000 of 64 bytes failed: Only part of a ReadProcessMemory or WriteProcessMemory request was completed. (0x12B)
[0228/205613.911:WARNING:pe_image_reader.cc(340)] could not read dos header from C:\WINDOWS\SYSTEM32\UIAutomationCore.DLL
[0228/205613.911:ERROR:process_memory_win.cc(73)] ReadMemory at 0x7ffaf93a0000 of 64 bytes failed: Only part of a ReadProcessMemory or WriteProcessMemory request was completed. (0x12B)
[0228/205613.911:WARNING:pe_image_reader.cc(340)] could not read dos header from C:\WINDOWS\SYSTEM32\DWrite.dll
[0228/205613.911:ERROR:process_memory_win.cc(73)] ReadMemory at 0x7ffae8c70000 of 64 bytes failed: Only part of a ReadProcessMemory or WriteProcessMemory request was completed. (0x12B)
[0228/205613.911:WARNING:pe_image_reader.cc(340)] could not read dos header from C:\WINDOWS\SYSTEM32\WINSPOOL.DRV
[0228/205613.911:ERROR:process_memory_win.cc(73)] ReadMemory at 0x7ffb13c40000 of 64 bytes failed: Only part of a ReadProcessMemory or WriteProcessMemory request was completed. (0x12B)
[0228/205613.911:WARNING:pe_image_reader.cc(340)] could not read dos header from C:\WINDOWS\System32\kernel.appcore.dll
[0228/205613.911:ERROR:process_memory_win.cc(73)] ReadMemory at 0x7ffb14bd0000 of 64 bytes failed: Only part of a ReadProcessMemory or WriteProcessMemory request was completed. (0x12B)
[0228/205613.911:WARNING:pe_image_reader.cc(340)] could not read dos header from C:\WINDOWS\System32\bcrypt.dll
[0228/205613.911:ERROR:process_memory_win.cc(73)] ReadMemory at 0x7ffb12500000 of 64 bytes failed: Only part of a ReadProcessMemory or WriteProcessMemory request was completed. (0x12B)
[0228/205613.911:WARNING:pe_image_reader.cc(340)] could not read dos header from C:\WINDOWS\SYSTEM32\dbghelp.dll
[0228/205613.911:ERROR:process_memory_win.cc(73)] ReadMemory at 0x7ffb09840000 of 64 bytes failed: Only part of a ReadProcessMemory or WriteProcessMemory request was completed. (0x12B)
[0228/205613.911:WARNING:pe_image_reader.cc(340)] could not read dos header from C:\WINDOWS\SYSTEM32\WINHTTP.dll
[0228/205613.912:ERROR:process_memory_win.cc(73)] ReadMemory at 0x7ffb03520000 of 64 bytes failed: Only part of a ReadProcessMemory or WriteProcessMemory request was completed. (0x12B)
[0228/205613.912:WARNING:pe_image_reader.cc(340)] could not read dos header from C:\WINDOWS\SYSTEM32\dhcpcsvc.DLL
[0228/205613.912:ERROR:process_memory_win.cc(73)] ReadMemory at 0x7ffb16440000 of 64 bytes failed: Only part of a ReadProcessMemory or WriteProcessMemory request was completed. (0x12B)
[0228/205613.912:WARNING:pe_image_reader.cc(340)] could not read dos header from C:\WINDOWS\System32\NSI.dll
[0228/205613.912:ERROR:process_memory_win.cc(73)] ReadMemory at 0x7ffb11370000 of 64 bytes failed: Only part of a ReadProcessMemory or WriteProcessMemory request was completed. (0x12B)
[0228/205613.912:WARNING:pe_image_reader.cc(340)] could not read dos header from C:\WINDOWS\SYSTEM32\WINMMBASE.dll
[0228/205613.912:ERROR:process_memory_win.cc(73)] ReadMemory at 0x7ffb13d50000 of 64 bytes failed: Only part of a ReadProcessMemory or WriteProcessMemory request was completed. (0x12B)
[0228/205613.912:WARNING:pe_image_reader.cc(340)] could not read dos header from C:\WINDOWS\System32\cfgmgr32.dll
[0228/205613.912:ERROR:process_memory_win.cc(73)] ReadMemory at 0x7ffb0cef0000 of 64 bytes failed: Only part of a ReadProcessMemory or WriteProcessMemory request was completed. (0x12B)
[0228/205613.912:WARNING:pe_image_reader.cc(340)] could not read dos header from C:\WINDOWS\SYSTEM32\PROPSYS.dll
[0228/205613.912:ERROR:process_memory_win.cc(73)] ReadMemory at 0x7ffb15880000 of 64 bytes failed: Only part of a ReadProcessMemory or WriteProcessMemory request was completed. (0x12B)
[0228/205613.912:WARNING:pe_image_reader.cc(340)] could not read dos header from C:\WINDOWS\System32\shcore.dll
[0228/205613.912:ERROR:process_memory_win.cc(73)] ReadMemory at 0x7ffb13b00000 of 64 bytes failed: Only part of a ReadProcessMemory or WriteProcessMemory request was completed. (0x12B)
[0228/205613.912:WARNING:pe_image_reader.cc(340)] could not read dos header from C:\WINDOWS\SYSTEM32\SSPICLI.DLL
[0228/205613.912:ERROR:process_memory_win.cc(73)] ReadMemory at 0x7ffb14ea0000 of 64 bytes failed: Only part of a ReadProcessMemory or WriteProcessMemory request was completed. (0x12B)
[0228/205613.912:WARNING:pe_image_reader.cc(340)] could not read dos header from C:\WINDOWS\System32\SHELL32.dll
[0228/205613.912:ERROR:process_memory_win.cc(73)] ReadMemory at 0x7ffb13ff0000 of 64 bytes failed: Only part of a ReadProcessMemory or WriteProcessMemory request was completed. (0x12B)
[0228/205613.912:WARNING:pe_image_reader.cc(340)] could not read dos header from C:\WINDOWS\System32\windows.storage.dll
[0228/205613.912:ERROR:process_memory_win.cc(73)] ReadMemory at 0x7ffb13c60000 of 64 bytes failed: Only part of a ReadProcessMemory or WriteProcessMemory request was completed. (0x12B)
[0228/205613.913:WARNING:pe_image_reader.cc(340)] could not read dos header from C:\WINDOWS\System32\powrprof.dll
[0228/205613.913:ERROR:process_memory_win.cc(73)] ReadMemory at 0x7ffb13c10000 of 64 bytes failed: Only part of a ReadProcessMemory or WriteProcessMemory request was completed. (0x12B)
[0228/205613.913:WARNING:pe_image_reader.cc(340)] could not read dos header from C:\WINDOWS\System32\UMPDC.dll
[0228/205613.913:ERROR:process_memory_win.cc(73)] ReadMemory at 0x23992750000 of 64 bytes failed: Only part of a ReadProcessMemory or WriteProcessMemory request was completed. (0x12B)
[0228/205613.913:WARNING:pe_image_reader.cc(340)] could not read dos header from C:\WINDOWS\System32\shlwapi.dll
[0228/205613.913:ERROR:process_memory_win.cc(73)] ReadMemory at 0x7ffb16450000 of 64 bytes failed: Only part of a ReadProcessMemory or WriteProcessMemory request was completed. (0x12B)
[0228/205613.913:WARNING:pe_image_reader.cc(340)] could not read dos header from C:\WINDOWS\System32\GDI32.dll
[0228/205613.913:ERROR:process_memory_win.cc(73)] ReadMemory at 0x7ffb14c00000 of 64 bytes failed: Only part of a ReadProcessMemory or WriteProcessMemory request was completed. (0x12B)
[0228/205613.913:WARNING:pe_image_reader.cc(340)] could not read dos header from C:\WINDOWS\System32\win32u.dll
[0228/205613.913:ERROR:process_memory_win.cc(73)] ReadMemory at 0x7ffb14c30000 of 64 bytes failed: Only part of a ReadProcessMemory or WriteProcessMemory request was completed. (0x12B)
[0228/205613.913:WARNING:pe_image_reader.cc(340)] could not read dos header from C:\WINDOWS\System32\gdi32full.dll
[0228/205613.913:ERROR:process_memory_win.cc(73)] ReadMemory at 0x7ffb162a0000 of 64 bytes failed: Only part of a ReadProcessMemory or WriteProcessMemory request was completed. (0x12B)
[0228/205613.913:WARNING:pe_image_reader.cc(340)] could not read dos header from C:\WINDOWS\System32\USER32.dll
[0228/205613.913:ERROR:process_memory_win.cc(73)] ReadMemory at 0x7ffb14dd0000 of 64 bytes failed: Only part of a ReadProcessMemory or WriteProcessMemory request was completed. (0x12B)
[0228/205613.913:WARNING:pe_image_reader.cc(340)] could not read dos header from C:\WINDOWS\System32\cryptsp.dll
[0228/205613.913:ERROR:process_memory_win.cc(73)] ReadMemory at 0x7ffb16b60000 of 64 bytes failed: Only part of a ReadProcessMemory or WriteProcessMemory request was completed. (0x12B)
[0228/205613.913:WARNING:pe_image_reader.cc(340)] could not read dos header from C:\WINDOWS\System32\IMM32.DLL
[0228/205613.913:ERROR:process_memory_win.cc(73)] ReadMemory at 0x7ffb135b0000 of 64 bytes failed: Only part of a ReadProcessMemory or WriteProcessMemory request was completed. (0x12B)
[0228/205613.913:WARNING:pe_image_reader.cc(340)] could not read dos header from C:\WINDOWS\SYSTEM32\CRYPTBASE.DLL
[0228/205613.913:ERROR:process_memory_win.cc(73)] ReadMemory at 0x7ff73dbb0000 of 64 bytes failed: Only part of a ReadProcessMemory or WriteProcessMemory request was completed. (0x12B)
[0228/205613.913:WARNING:pe_image_reader.cc(340)] could not read dos header from C:\Program Files (x86)\Google\Chrome\Application\chrome.exe
[0228/205613.913:ERROR:process_memory_win.cc(73)] ReadMemory at 0x7ffb16d40000 of 64 bytes failed: Only part of a ReadProcessMemory or WriteProcessMemory request was completed. (0x12B)
[0228/205613.913:WARNING:pe_image_reader.cc(340)] could not read dos header from C:\WINDOWS\SYSTEM32\ntdll.dll
[0228/205613.914:ERROR:process_memory_win.cc(73)] ReadMemory at 0x7ffb16530000 of 64 bytes failed: Only part of a ReadProcessMemory or WriteProcessMemory request was completed. (0x12B)
[0228/205613.914:WARNING:pe_image_reader.cc(340)] could not read dos header from C:\WINDOWS\System32\KERNEL32.DLL
[0228/205613.914:ERROR:process_memory_win.cc(73)] ReadMemory at 0x7ffb14770000 of 64 bytes failed: Only part of a ReadProcessMemory or WriteProcessMemory request was completed. (0x12B)
[0228/205613.914:WARNING:pe_image_reader.cc(340)] could not read dos header from C:\WINDOWS\System32\KERNELBASE.dll
[0228/205613.914:ERROR:process_memory_win.cc(73)] ReadMemory at 0x7ffad9af0000 of 64 bytes failed: Only part of a ReadProcessMemory or WriteProcessMemory request was completed. (0x12B)
[0228/205613.914:WARNING:pe_image_reader.cc(340)] could not read dos header from C:\Program Files (x86)\Google\Chrome\Application\80.0.3987.122\chrome_elf.dll
[0228/205613.914:ERROR:process_memory_win.cc(73)] ReadMemory at 0x7ffb09d60000 of 64 bytes failed: Only part of a ReadProcessMemory or WriteProcessMemory request was completed. (0x12B)
[0228/205613.914:WARNING:pe_image_reader.cc(340)] could not read dos header from C:\WINDOWS\SYSTEM32\VERSION.dll
[0228/205613.914:ERROR:process_memory_win.cc(73)] ReadMemory at 0x7ffb16200000 of 64 bytes failed: Only part of a ReadProcessMemory or WriteProcessMemory request was completed. (0x12B)
[0228/205613.914:WARNING:pe_image_reader.cc(340)] could not read dos header from C:\WINDOWS\System32\msvcrt.dll
[0228/205613.914:ERROR:process_memory_win.cc(73)] ReadMemory at 0x7ffb13cd0000 of 64 bytes failed: Only part of a ReadProcessMemory or WriteProcessMemory request was completed. (0x12B)
[0228/205613.914:WARNING:pe_image_reader.cc(340)] could not read dos header from C:\WINDOWS\System32\bcryptPrimitives.dll
[0228/205613.914:ERROR:process_memory_win.cc(73)] ReadMemory at 0x7ffb16480000 of 64 bytes failed: Only part of a ReadProcessMemory or WriteProcessMemory request was completed. (0x12B)
[0228/205613.914:WARNING:pe_image_reader.cc(340)] could not read dos header from C:\WINDOWS\System32\ADVAPI32.dll
[0228/205613.914:ERROR:process_memory_win.cc(73)] ReadMemory at 0x7ffb16020000 of 64 bytes failed: Only part of a ReadProcessMemory or WriteProcessMemory request was completed. (0x12B)
[0228/205613.914:WARNING:pe_image_reader.cc(340)] could not read dos header from C:\WINDOWS\System32\sechost.dll
[0228/205613.914:ERROR:process_memory_win.cc(73)] ReadMemory at 0x7ffb169c0000 of 64 bytes failed: Only part of a ReadProcessMemory or WriteProcessMemory request was completed. (0x12B)
[0228/205613.914:WARNING:pe_image_reader.cc(340)] could not read dos header from C:\WINDOWS\System32\RPCRT4.dll
[0228/205613.914:ERROR:process_memory_win.cc(73)] ReadMemory at 0x7ffac2fd0000 of 64 bytes failed: Only part of a ReadProcessMemory or WriteProcessMemory request was completed. (0x12B)
[0228/205613.914:WARNING:pe_image_reader.cc(340)] could not read dos header from C:\Program Files (x86)\Google\Chrome\Application\80.0.3987.122\chrome.dll
[0228/205613.914:ERROR:process_memory_win.cc(73)] ReadMemory at 0x7ffb16190000 of 64 bytes failed: Only part of a ReadProcessMemory or WriteProcessMemory request was completed. (0x12B)
[0228/205613.914:WARNING:pe_image_reader.cc(340)] could not read dos header from C:\WINDOWS\System32\WS2_32.dll
[0228/205613.914:ERROR:process_memory_win.cc(73)] ReadMemory at 0x7ffb15590000 of 64 bytes failed: Only part of a ReadProcessMemory or WriteProcessMemory request was completed. (0x12B)
[0228/205613.914:WARNING:pe_image_reader.cc(340)] could not read dos header from C:\WINDOWS\System32\OLEAUT32.dll
[0228/205613.914:ERROR:process_memory_win.cc(73)] ReadMemory at 0x7ffb13ef0000 of 64 bytes failed: Only part of a ReadProcessMemory or WriteProcessMemory request was completed. (0x12B)
[0228/205613.914:WARNING:pe_image_reader.cc(340)] could not read dos header from C:\WINDOWS\System32\msvcp_win.dll
[0228/205613.914:ERROR:process_memory_win.cc(73)] ReadMemory at 0x7ffb14a20000 of 64 bytes failed: Only part of a ReadProcessMemory or WriteProcessMemory request was completed. (0x12B)
[0228/205613.915:WARNING:pe_image_reader.cc(340)] could not read dos header from C:\WINDOWS\System32\ucrtbase.dll
[0228/205613.915:ERROR:process_memory_win.cc(73)] ReadMemory at 0x7ffb16660000 of 64 bytes failed: Only part of a ReadProcessMemory or WriteProcessMemory request was completed. (0x12B)
[0228/205613.915:WARNING:pe_image_reader.cc(340)] could not read dos header from C:\WINDOWS\System32\combase.dll
[0228/205613.915:ERROR:process_memory_win.cc(73)] ReadMemory at 0x7ffb13f90000 of 64 bytes failed: Only part of a ReadProcessMemory or WriteProcessMemory request was completed. (0x12B)
[0228/205613.915:WARNING:pe_image_reader.cc(340)] could not read dos header from C:\WINDOWS\System32\WINTRUST.dll
[0228/205613.915:ERROR:process_memory_win.cc(73)] ReadMemory at 0x7ffb13c20000 of 64 bytes failed: Only part of a ReadProcessMemory or WriteProcessMemory request was completed. (0x12B)
[0228/205613.915:WARNING:pe_image_reader.cc(340)] could not read dos header from C:\WINDOWS\System32\MSASN1.dll
[0228/205613.915:ERROR:process_memory_win.cc(73)] ReadMemory at 0x7ffb13da0000 of 64 bytes failed: Only part of a ReadProcessMemory or WriteProcessMemory request was completed. (0x12B)
[0228/205613.915:WARNING:pe_image_reader.cc(340)] could not read dos header from C:\WINDOWS\System32\CRYPT32.dll
[0228/205613.915:ERROR:process_memory_win.cc(73)] ReadMemory at 0x7ffb13150000 of 64 bytes failed: Only part of a ReadProcessMemory or WriteProcessMemory request was completed. (0x12B)
[0228/205613.915:WARNING:pe_image_reader.cc(340)] could not read dos header from C:\WINDOWS\SYSTEM32\IPHLPAPI.DLL
[0228/205613.915:ERROR:process_memory_win.cc(73)] ReadMemory at 0x7ffb113a0000 of 64 bytes failed: Only part of a ReadProcessMemory or WriteProcessMemory request was completed. (0x12B)
[0228/205613.915:WARNING:pe_image_reader.cc(340)] could not read dos header from C:\WINDOWS\SYSTEM32\WINMM.dll
[0228/205613.915:ERROR:process_memory_win.cc(73)] ReadMemory at 0x7ffaf51f0000 of 64 bytes failed: Only part of a ReadProcessMemory or WriteProcessMemory request was completed. (0x12B)
[0228/205613.915:WARNING:pe_image_reader.cc(340)] could not read dos header from C:\WINDOWS\SYSTEM32\Secur32.dll
[0228/205613.915:ERROR:process_memory_win.cc(73)] ReadMemory at 0x7ffb13b30000 of 64 bytes failed: Only part of a ReadProcessMemory or WriteProcessMemory request was completed. (0x12B)
[0228/205613.915:WARNING:pe_image_reader.cc(340)] could not read dos header from C:\WINDOWS\SYSTEM32\USERENV.dll
[0228/205613.915:ERROR:process_memory_win.cc(73)] ReadMemory at 0x7ffb13cb0000 of 64 bytes failed: Only part of a ReadProcessMemory or WriteProcessMemory request was completed. (0x12B)
[0228/205613.915:WARNING:pe_image_reader.cc(340)] could not read dos header from C:\WINDOWS\System32\profapi.dll
[0228/205613.915:ERROR:process_memory_win.cc(73)] ReadMemory at 0x7ffae7290000 of 64 bytes failed: Only part of a ReadProcessMemory or WriteProcessMemory request was completed. (0x12B)
[0228/205613.915:WARNING:pe_image_reader.cc(340)] could not read dos header from C:\WINDOWS\SYSTEM32\UIAutomationCore.DLL
[0228/205613.915:ERROR:process_memory_win.cc(73)] ReadMemory at 0x7ffaf93a0000 of 64 bytes failed: Only part of a ReadProcessMemory or WriteProcessMemory request was completed. (0x12B)
[0228/205613.915:WARNING:pe_image_reader.cc(340)] could not read dos header from C:\WINDOWS\SYSTEM32\DWrite.dll
[0228/205613.915:ERROR:process_memory_win.cc(73)] ReadMemory at 0x7ffae8c70000 of 64 bytes failed: Only part of a ReadProcessMemory or WriteProcessMemory request was completed. (0x12B)
[0228/205613.916:WARNING:pe_image_reader.cc(340)] could not read dos header from C:\WINDOWS\SYSTEM32\WINSPOOL.DRV
[0228/205613.916:ERROR:process_memory_win.cc(73)] ReadMemory at 0x7ffb13c40000 of 64 bytes failed: Only part of a ReadProcessMemory or WriteProcessMemory request was completed. (0x12B)
[0228/205613.916:WARNING:pe_image_reader.cc(340)] could not read dos header from C:\WINDOWS\System32\kernel.appcore.dll
[0228/205613.916:ERROR:process_memory_win.cc(73)] ReadMemory at 0x7ffb14bd0000 of 64 bytes failed: Only part of a ReadProcessMemory or WriteProcessMemory request was completed. (0x12B)
[0228/205613.916:WARNING:pe_image_reader.cc(340)] could not read dos header from C:\WINDOWS\System32\bcrypt.dll
[0228/205613.916:ERROR:process_memory_win.cc(73)] ReadMemory at 0x7ffb12500000 of 64 bytes failed: Only part of a ReadProcessMemory or WriteProcessMemory request was completed. (0x12B)
[0228/205613.916:WARNING:pe_image_reader.cc(340)] could not read dos header from C:\WINDOWS\SYSTEM32\dbghelp.dll
[0228/205613.916:ERROR:process_memory_win.cc(73)] ReadMemory at 0x7ffb09840000 of 64 bytes failed: Only part of a ReadProcessMemory or WriteProcessMemory request was completed. (0x12B)
[0228/205613.916:WARNING:pe_image_reader.cc(340)] could not read dos header from C:\WINDOWS\SYSTEM32\WINHTTP.dll
[0228/205613.916:ERROR:process_memory_win.cc(73)] ReadMemory at 0x7ffb03520000 of 64 bytes failed: Only part of a ReadProcessMemory or WriteProcessMemory request was completed. (0x12B)
[0228/205613.916:WARNING:pe_image_reader.cc(340)] could not read dos header from C:\WINDOWS\SYSTEM32\dhcpcsvc.DLL
[0228/205613.916:ERROR:process_memory_win.cc(73)] ReadMemory at 0x7ffb16440000 of 64 bytes failed: Only part of a ReadProcessMemory or WriteProcessMemory request was completed. (0x12B)
[0228/205613.916:WARNING:pe_image_reader.cc(340)] could not read dos header from C:\WINDOWS\System32\NSI.dll
[0228/205613.916:ERROR:process_memory_win.cc(73)] ReadMemory at 0x7ffb11370000 of 64 bytes failed: Only part of a ReadProcessMemory or WriteProcessMemory request was completed. (0x12B)
[0228/205613.916:WARNING:pe_image_reader.cc(340)] could not read dos header from C:\WINDOWS\SYSTEM32\WINMMBASE.dll
[0228/205613.916:ERROR:process_memory_win.cc(73)] ReadMemory at 0x7ffb13d50000 of 64 bytes failed: Only part of a ReadProcessMemory or WriteProcessMemory request was completed. (0x12B)
[0228/205613.916:WARNING:pe_image_reader.cc(340)] could not read dos header from C:\WINDOWS\System32\cfgmgr32.dll
[0228/205613.916:ERROR:process_memory_win.cc(73)] ReadMemory at 0x7ffb0cef0000 of 64 bytes failed: Only part of a ReadProcessMemory or WriteProcessMemory request was completed. (0x12B)
[0228/205613.916:WARNING:pe_image_reader.cc(340)] could not read dos header from C:\WINDOWS\SYSTEM32\PROPSYS.dll
[0228/205613.917:ERROR:process_memory_win.cc(73)] ReadMemory at 0x7ffb15880000 of 64 bytes failed: Only part of a ReadProcessMemory or WriteProcessMemory request was completed. (0x12B)
[0228/205613.917:WARNING:pe_image_reader.cc(340)] could not read dos header from C:\WINDOWS\System32\shcore.dll
[0228/205613.917:ERROR:process_memory_win.cc(73)] ReadMemory at 0x7ffb13b00000 of 64 bytes failed: Only part of a ReadProcessMemory or WriteProcessMemory request was completed. (0x12B)
[0228/205613.917:WARNING:pe_image_reader.cc(340)] could not read dos header from C:\WINDOWS\SYSTEM32\SSPICLI.DLL
[0228/205613.917:ERROR:process_memory_win.cc(73)] ReadMemory at 0x7ffb14ea0000 of 64 bytes failed: Only part of a ReadProcessMemory or WriteProcessMemory request was completed. (0x12B)
[0228/205613.917:WARNING:pe_image_reader.cc(340)] could not read dos header from C:\WINDOWS\System32\SHELL32.dll
[0228/205613.917:ERROR:process_memory_win.cc(73)] ReadMemory at 0x7ffb13ff0000 of 64 bytes failed: Only part of a ReadProcessMemory or WriteProcessMemory request was completed. (0x12B)
[0228/205613.917:WARNING:pe_image_reader.cc(340)] could not read dos header from C:\WINDOWS\System32\windows.storage.dll
[0228/205613.917:ERROR:process_memory_win.cc(73)] ReadMemory at 0x7ffb13c60000 of 64 bytes failed: Only part of a ReadProcessMemory or WriteProcessMemory request was completed. (0x12B)
[0228/205613.917:WARNING:pe_image_reader.cc(340)] could not read dos header from C:\WINDOWS\System32\powrprof.dll
[0228/205613.917:ERROR:process_memory_win.cc(73)] ReadMemory at 0x7ffb13c10000 of 64 bytes failed: Only part of a ReadProcessMemory or WriteProcessMemory request was completed. (0x12B)
[0228/205613.917:WARNING:pe_image_reader.cc(340)] could not read dos header from C:\WINDOWS\System32\UMPDC.dll
[0228/205613.917:ERROR:process_memory_win.cc(73)] ReadMemory at 0x23992750000 of 64 bytes failed: Only part of a ReadProcessMemory or WriteProcessMemory request was completed. (0x12B)
[0228/205613.917:WARNING:pe_image_reader.cc(340)] could not read dos header from C:\WINDOWS\System32\shlwapi.dll
[0228/205613.917:ERROR:process_memory_win.cc(73)] ReadMemory at 0x7ffb16450000 of 64 bytes failed: Only part of a ReadProcessMemory or WriteProcessMemory request was completed. (0x12B)
[0228/205613.917:WARNING:pe_image_reader.cc(340)] could not read dos header from C:\WINDOWS\System32\GDI32.dll
[0228/205613.917:ERROR:process_memory_win.cc(73)] ReadMemory at 0x7ffb14c00000 of 64 bytes failed: Only part of a ReadProcessMemory or WriteProcessMemory request was completed. (0x12B)
[0228/205613.917:WARNING:pe_image_reader.cc(340)] could not read dos header from C:\WINDOWS\System32\win32u.dll
[0228/205613.918:ERROR:process_memory_win.cc(73)] ReadMemory at 0x7ffb14c30000 of 64 bytes failed: Only part of a ReadProcessMemory or WriteProcessMemory request was completed. (0x12B)
[0228/205613.918:WARNING:pe_image_reader.cc(340)] could not read dos header from C:\WINDOWS\System32\gdi32full.dll
[0228/205613.918:ERROR:process_memory_win.cc(73)] ReadMemory at 0x7ffb162a0000 of 64 bytes failed: Only part of a ReadProcessMemory or WriteProcessMemory request was completed. (0x12B)
[0228/205613.918:WARNING:pe_image_reader.cc(340)] could not read dos header from C:\WINDOWS\System32\USER32.dll
[0228/205613.918:ERROR:process_memory_win.cc(73)] ReadMemory at 0x7ffb14dd0000 of 64 bytes failed: Only part of a ReadProcessMemory or WriteProcessMemory request was completed. (0x12B)
[0228/205613.918:WARNING:pe_image_reader.cc(340)] could not read dos header from C:\WINDOWS\System32\cryptsp.dll
[0228/205613.918:ERROR:process_memory_win.cc(73)] ReadMemory at 0x7ffb16b60000 of 64 bytes failed: Only part of a ReadProcessMemory or WriteProcessMemory request was completed. (0x12B)
[0228/205613.918:WARNING:pe_image_reader.cc(340)] could not read dos header from C:\WINDOWS\System32\IMM32.DLL
[0228/205613.918:ERROR:process_memory_win.cc(73)] ReadMemory at 0x7ffb135b0000 of 64 bytes failed: Only part of a ReadProcessMemory or WriteProcessMemory request was completed. (0x12B)
[0228/205613.918:WARNING:pe_image_reader.cc(340)] could not read dos header from C:\WINDOWS\SYSTEM32\CRYPTBASE.DLL
[0228/205613.929:ERROR:process_memory_win.cc(73)] ReadMemory at 0x64fb7ed000 of 77824 bytes failed: Only part of a ReadProcessMemory or WriteProcessMemory request was completed. (0x12B)
[0228/205613.930:ERROR:process_memory_win.cc(73)] ReadMemory at 0x64fbffd000 of 12288 bytes failed: Only part of a ReadProcessMemory or WriteProcessMemory request was completed. (0x12B)
[0228/205613.930:ERROR:process_memory_win.cc(73)] ReadMemory at 0x64fcffc000 of 16384 bytes failed: Only part of a ReadProcessMemory or WriteProcessMemory request was completed. (0x12B)
[0228/205613.930:ERROR:process_memory_win.cc(73)] ReadMemory at 0x64fd7fb000 of 20480 bytes failed: Only part of a ReadProcessMemory or WriteProcessMemory request was completed. (0x12B)
[0228/205613.930:ERROR:process_memory_win.cc(73)] ReadMemory at 0x64fdffe000 of 8192 bytes failed: Only part of a ReadProcessMemory or WriteProcessMemory request was completed. (0x12B)
[0228/205613.930:ERROR:process_memory_win.cc(73)] ReadMemory at 0x64fe7fd000 of 12288 bytes failed: Only part of a ReadProcessMemory or WriteProcessMemory request was completed. (0x12B)
[0228/205613.931:ERROR:process_memory_win.cc(73)] ReadMemory at 0x64feffb000 of 20480 bytes failed: Only part of a ReadProcessMemory or WriteProcessMemory request was completed. (0x12B)
[0228/205613.931:ERROR:process_memory_win.cc(73)] ReadMemory at 0x64ffffd000 of 12288 bytes failed: Only part of a ReadProcessMemory or WriteProcessMemory request was completed. (0x12B)
[0228/205613.931:ERROR:process_memory_win.cc(73)] ReadMemory at 0x64807f9000 of 28672 bytes failed: Only part of a ReadProcessMemory or WriteProcessMemory request was completed. (0x12B)
[0228/205613.931:ERROR:process_memory_win.cc(73)] ReadMemory at 0x6480ff5000 of 45056 bytes failed: Only part of a ReadProcessMemory or WriteProcessMemory request was completed. (0x12B)
[0228/205613.931:ERROR:process_memory_win.cc(73)] ReadMemory at 0x64817fb000 of 20480 bytes failed: Only part of a ReadProcessMemory or WriteProcessMemory request was completed. (0x12B)
[0228/205613.931:ERROR:process_memory_win.cc(73)] ReadMemory at 0x6481ffa000 of 24576 bytes failed: Only part of a ReadProcessMemory or WriteProcessMemory request was completed. (0x12B)
[0228/205613.931:ERROR:process_memory_win.cc(73)] ReadMemory at 0x64827fd000 of 12288 bytes failed: Only part of a ReadProcessMemory or WriteProcessMemory request was completed. (0x12B)
[0228/205613.931:ERROR:process_memory_win.cc(73)] ReadMemory at 0x6482ffd000 of 12288 bytes failed: Only part of a ReadProcessMemory or WriteProcessMemory request was completed. (0x12B)
[0228/205613.932:ERROR:process_memory_win.cc(73)] ReadMemory at 0x6484ffd000 of 12288 bytes failed: Only part of a ReadProcessMemory or WriteProcessMemory request was completed. (0x12B)
[0228/205613.932:ERROR:process_memory_win.cc(73)] ReadMemory at 0x64837fd000 of 12288 bytes failed: Only part of a ReadProcessMemory or WriteProcessMemory request was completed. (0x12B)
[0228/205613.932:ERROR:process_memory_win.cc(73)] ReadMemory at 0x64fae4e000 of 6024 bytes failed: Only part of a ReadProcessMemory or WriteProcessMemory request was completed. (0x12B)
[0228/205613.932:ERROR:process_memory_win.cc(73)] ReadMemory at 0x64fae56000 of 6024 bytes failed: Only part of a ReadProcessMemory or WriteProcessMemory request was completed. (0x12B)
[0228/205613.932:ERROR:process_memory_win.cc(73)] ReadMemory at 0x64fafcc000 of 852 bytes failed: Only part of a ReadProcessMemory or WriteProcessMemory request was completed. (0x12B)
[0228/205613.932:ERROR:process_memory_win.cc(73)] ReadMemory at 0x64fafcd000 of 6024 bytes failed: Only part of a ReadProcessMemory or WriteProcessMemory request was completed. (0x12B)
[0228/205613.932:ERROR:process_memory_win.cc(73)] ReadMemory at 0x64fafcf000 of 6024 bytes failed: Only part of a ReadProcessMemory or WriteProcessMemory request was completed. (0x12B)
[0228/205613.932:ERROR:process_memory_win.cc(73)] ReadMemory at 0x64fafd3000 of 6024 bytes failed: Only part of a ReadProcessMemory or WriteProcessMemory request was completed. (0x12B)
[0228/205613.933:ERROR:process_memory_win.cc(73)] ReadMemory at 0x64fafd5000 of 6024 bytes failed: Only part of a ReadProcessMemory or WriteProcessMemory request was completed. (0x12B)
[0228/205613.933:ERROR:process_memory_win.cc(73)] ReadMemory at 0x64fafd7000 of 6024 bytes failed: Only part of a ReadProcessMemory or WriteProcessMemory request was completed. (0x12B)
[0228/205613.933:ERROR:process_memory_win.cc(73)] ReadMemory at 0x64fafd9000 of 6024 bytes failed: Only part of a ReadProcessMemory or WriteProcessMemory request was completed. (0x12B)
[0228/205613.933:ERROR:process_memory_win.cc(73)] ReadMemory at 0x64fafdb000 of 6024 bytes failed: Only part of a ReadProcessMemory or WriteProcessMemory request was completed. (0x12B)
[0228/205613.933:ERROR:process_memory_win.cc(73)] ReadMemory at 0x64fafdf000 of 6024 bytes failed: Only part of a ReadProcessMemory or WriteProcessMemory request was completed. (0x12B)
[0228/205613.933:ERROR:process_memory_win.cc(73)] ReadMemory at 0x64fafe1000 of 6024 bytes failed: Only part of a ReadProcessMemory or WriteProcessMemory request was completed. (0x12B)
[0228/205613.933:ERROR:process_memory_win.cc(73)] ReadMemory at 0x64fafe3000 of 6024 bytes failed: Only part of a ReadProcessMemory or WriteProcessMemory request was completed. (0x12B)
[0228/205613.933:ERROR:process_memory_win.cc(73)] ReadMemory at 0x64fafe5000 of 6024 bytes failed: Only part of a ReadProcessMemory or WriteProcessMemory request was completed. (0x12B)
[0228/205613.933:ERROR:process_memory_win.cc(73)] ReadMemory at 0x64fafe7000 of 6024 bytes failed: Only part of a ReadProcessMemory or WriteProcessMemory request was completed. (0x12B)
[0228/205613.934:ERROR:process_memory_win.cc(73)] ReadMemory at 0x64fafe9000 of 6024 bytes failed: Only part of a ReadProcessMemory or WriteProcessMemory request was completed. (0x12B)
[0228/205613.934:ERROR:process_memory_win.cc(73)] ReadMemory at 0x64fafeb000 of 6024 bytes failed: Only part of a ReadProcessMemory or WriteProcessMemory request was completed. (0x12B)
[0228/205613.934:ERROR:process_memory_win.cc(73)] ReadMemory at 0x239909c0fe0 of 4528 bytes failed: Only part of a ReadProcessMemory or WriteProcessMemory request was completed. (0x12B)
[0228/205613.934:ERROR:process_memory_win.cc(73)] ReadMemory at 0x239909c21a0 of 1012 bytes failed: Only part of a ReadProcessMemory or WriteProcessMemory request was completed. (0x12B)
[0228/205613.934:ERROR:process_memory_win.cc(73)] ReadMemory at 0x239909c27e8 of 118 bytes failed: Only part of a ReadProcessMemory or WriteProcessMemory request was completed. (0x12B)
[0228/205613.935:ERROR:process_memory_win.cc(73)] ReadMemory at 0x239909c2860 of 1312 bytes failed: Only part of a ReadProcessMemory or WriteProcessMemory request was completed. (0x12B)
[0228/205613.935:ERROR:process_memory_win.cc(73)] ReadMemory at 0x239909c2d82 of 118 bytes failed: Only part of a ReadProcessMemory or WriteProcessMemory request was completed. (0x12B)
[0228/205613.935:ERROR:process_memory_win.cc(73)] ReadMemory at 0x239909c2dfa of 100 bytes failed: Only part of a ReadProcessMemory or WriteProcessMemory request was completed. (0x12B)
[0228/205613.935:ERROR:process_memory_win.cc(73)] ReadMemory at 0x239909c2e70 of 58 bytes failed: Only part of a ReadProcessMemory or WriteProcessMemory request was completed. (0x12B)
[0228/205613.935:ERROR:process_memory_win.cc(73)] ReadMemory at 0x239909c2f70 of 132 bytes failed: Only part of a ReadProcessMemory or WriteProcessMemory request was completed. (0x12B)
[0228/205613.935:ERROR:process_memory_win.cc(73)] ReadMemory at 0x239909c3100 of 132 bytes failed: Only part of a ReadProcessMemory or WriteProcessMemory request was completed. (0x12B)
[0228/205613.935:ERROR:process_memory_win.cc(73)] ReadMemory at 0x239909c32c0 of 126 bytes failed: Only part of a ReadProcessMemory or WriteProcessMemory request was completed. (0x12B)
[0228/205613.935:ERROR:process_memory_win.cc(73)] ReadMemory at 0x239909c36a0 of 132 bytes failed: Only part of a ReadProcessMemory or WriteProcessMemory request was completed. (0x12B)
[0228/205613.935:ERROR:process_memory_win.cc(73)] ReadMemory at 0x239909c3830 of 64 bytes failed: Only part of a ReadProcessMemory or WriteProcessMemory request was completed. (0x12B)
[0228/205613.935:ERROR:process_memory_win.cc(73)] ReadMemory at 0x239909c3880 of 132 bytes failed: Only part of a ReadProcessMemory or WriteProcessMemory request was completed. (0x12B)
[0228/205613.936:ERROR:process_memory_win.cc(73)] ReadMemory at 0x239909c39f0 of 132 bytes failed: Only part of a ReadProcessMemory or WriteProcessMemory request was completed. (0x12B)
[0228/205613.936:ERROR:process_memory_win.cc(73)] ReadMemory at 0x239909c3c90 of 132 bytes failed: Only part of a ReadProcessMemory or WriteProcessMemory request was completed. (0x12B)
[0228/205613.936:ERROR:process_memory_win.cc(73)] ReadMemory at 0x239909c3e20 of 68 bytes failed: Only part of a ReadProcessMemory or WriteProcessMemory request was completed. (0x12B)
[0228/205613.936:ERROR:process_memory_win.cc(73)] ReadMemory at 0x239909c4fd0 of 132 bytes failed: Only part of a ReadProcessMemory or WriteProcessMemory request was completed. (0x12B)
[0228/205613.936:ERROR:process_memory_win.cc(73)] ReadMemory at 0x239909c5160 of 154 bytes failed: Only part of a ReadProcessMemory or WriteProcessMemory request was completed. (0x12B)
[0228/205613.936:ERROR:process_memory_win.cc(73)] ReadMemory at 0x239909c6c10 of 62 bytes failed: Only part of a ReadProcessMemory or WriteProcessMemory request was completed. (0x12B)
[0228/205613.936:ERROR:process_memory_win.cc(73)] ReadMemory at 0x239909c6e00 of 132 bytes failed: Only part of a ReadProcessMemory or WriteProcessMemory request was completed. (0x12B)
[0228/205613.936:ERROR:process_memory_win.cc(73)] ReadMemory at 0x239909c6f30 of 60 bytes failed: Only part of a ReadProcessMemory or WriteProcessMemory request was completed. (0x12B)
[0228/205613.936:ERROR:process_memory_win.cc(73)] ReadMemory at 0x239909c9ff0 of 132 bytes failed: Only part of a ReadProcessMemory or WriteProcessMemory request was completed. (0x12B)
[0228/205613.936:ERROR:process_memory_win.cc(73)] ReadMemory at 0x239909ca120 of 132 bytes failed: Only part of a ReadProcessMemory or WriteProcessMemory request was completed. (0x12B)
[0228/205613.936:ERROR:process_memory_win.cc(73)] ReadMemory at 0x239909ca2b0 of 80 bytes failed: Only part of a ReadProcessMemory or WriteProcessMemory request was completed. (0x12B)
[0228/205613.936:ERROR:process_memory_win.cc(73)] ReadMemory at 0x239909ca450 of 60 bytes failed: Only part of a ReadProcessMemory or WriteProcessMemory request was completed. (0x12B)
[0228/205613.937:ERROR:process_memory_win.cc(73)] ReadMemory at 0x239909ca4a0 of 64 bytes failed: Only part of a ReadProcessMemory or WriteProcessMemory request was completed. (0x12B)
[0228/205613.937:ERROR:process_memory_win.cc(73)] ReadMemory at 0x239909ca4f0 of 66 bytes failed: Only part of a ReadProcessMemory or WriteProcessMemory request was completed. (0x12B)
[0228/205613.937:ERROR:process_memory_win.cc(73)] ReadMemory at 0x239909ca540 of 64 bytes failed: Only part of a ReadProcessMemory or WriteProcessMemory request was completed. (0x12B)
[0228/205613.937:ERROR:process_memory_win.cc(73)] ReadMemory at 0x239909ca590 of 62 bytes failed: Only part of a ReadProcessMemory or WriteProcessMemory request was completed. (0x12B)
[0228/205613.937:ERROR:process_memory_win.cc(73)] ReadMemory at 0x239909ca5e0 of 64 bytes failed: Only part of a ReadProcessMemory or WriteProcessMemory request was completed. (0x12B)
[0228/205613.937:ERROR:process_memory_win.cc(73)] ReadMemory at 0x239909ca630 of 64 bytes failed: Only part of a ReadProcessMemory or WriteProcessMemory request was completed. (0x12B)
[0228/205613.937:ERROR:process_memory_win.cc(73)] ReadMemory at 0x239909ca6d0 of 62 bytes failed: Only part of a ReadProcessMemory or WriteProcessMemory request was completed. (0x12B)
[0228/205613.937:ERROR:process_memory_win.cc(73)] ReadMemory at 0x239909ca720 of 60 bytes failed: Only part of a ReadProcessMemory or WriteProcessMemory request was completed. (0x12B)
[0228/205613.937:ERROR:process_memory_win.cc(73)] ReadMemory at 0x239909cb060 of 132 bytes failed: Only part of a ReadProcessMemory or WriteProcessMemory request was completed. (0x12B)
[0228/205613.937:ERROR:process_memory_win.cc(73)] ReadMemory at 0x239909cb190 of 132 bytes failed: Only part of a ReadProcessMemory or WriteProcessMemory request was completed. (0x12B)
[0228/205613.937:ERROR:process_memory_win.cc(73)] ReadMemory at 0x239909cb3f0 of 132 bytes failed: Only part of a ReadProcessMemory or WriteProcessMemory request was completed. (0x12B)
[0228/205613.938:ERROR:process_memory_win.cc(73)] ReadMemory at 0x239909cb520 of 132 bytes failed: Only part of a ReadProcessMemory or WriteProcessMemory request was completed. (0x12B)
[0228/205613.938:ERROR:process_memory_win.cc(73)] ReadMemory at 0x239909cb650 of 132 bytes failed: Only part of a ReadProcessMemory or WriteProcessMemory request was completed. (0x12B)
[0228/205613.938:ERROR:process_memory_win.cc(73)] ReadMemory at 0x239909cb780 of 132 bytes failed: Only part of a ReadProcessMemory or WriteProcessMemory request was completed. (0x12B)
[0228/205613.938:ERROR:process_memory_win.cc(73)] ReadMemory at 0x239909cb8b0 of 132 bytes failed: Only part of a ReadProcessMemory or WriteProcessMemory request was completed. (0x12B)
[0228/205613.938:ERROR:process_memory_win.cc(73)] ReadMemory at 0x239909cb9e0 of 132 bytes failed: Only part of a ReadProcessMemory or WriteProcessMemory request was completed. (0x12B)
[0228/205613.938:ERROR:process_memory_win.cc(73)] ReadMemory at 0x239909cbb10 of 132 bytes failed: Only part of a ReadProcessMemory or WriteProcessMemory request was completed. (0x12B)
[0228/205613.938:ERROR:process_memory_win.cc(73)] ReadMemory at 0x239909cbc40 of 132 bytes failed: Only part of a ReadProcessMemory or WriteProcessMemory request was completed. (0x12B)
[0228/205613.938:ERROR:process_memory_win.cc(73)] ReadMemory at 0x239909cbd70 of 132 bytes failed: Only part of a ReadProcessMemory or WriteProcessMemory request was completed. (0x12B)
[0228/205613.938:ERROR:process_memory_win.cc(73)] ReadMemory at 0x239909cbea0 of 132 bytes failed: Only part of a ReadProcessMemory or WriteProcessMemory request was completed. (0x12B)
[0228/205613.938:ERROR:process_memory_win.cc(73)] ReadMemory at 0x239909cc5b0 of 76 bytes failed: Only part of a ReadProcessMemory or WriteProcessMemory request was completed. (0x12B)
[0228/205613.939:ERROR:process_memory_win.cc(73)] ReadMemory at 0x239909cc670 of 80 bytes failed: Only part of a ReadProcessMemory or WriteProcessMemory request was completed. (0x12B)
[0228/205613.939:ERROR:process_memory_win.cc(73)] ReadMemory at 0x239909cc970 of 78 bytes failed: Only part of a ReadProcessMemory or WriteProcessMemory request was completed. (0x12B)
[0228/205613.939:ERROR:process_memory_win.cc(73)] ReadMemory at 0x239909cda90 of 146 bytes failed: Only part of a ReadProcessMemory or WriteProcessMemory request was completed. (0x12B)
[0228/205613.939:ERROR:process_memory_win.cc(73)] ReadMemory at 0x239909ce080 of 132 bytes failed: Only part of a ReadProcessMemory or WriteProcessMemory request was completed. (0x12B)
[0228/205613.939:ERROR:process_memory_win.cc(73)] ReadMemory at 0x239909cf260 of 54 bytes failed: Only part of a ReadProcessMemory or WriteProcessMemory request was completed. (0x12B)
[0228/205613.939:ERROR:process_memory_win.cc(73)] ReadMemory at 0x239909d00e0 of 132 bytes failed: Only part of a ReadProcessMemory or WriteProcessMemory request was completed. (0x12B)
[0228/205613.939:ERROR:process_memory_win.cc(73)] ReadMemory at 0x239909d0210 of 132 bytes failed: Only part of a ReadProcessMemory or WriteProcessMemory request was completed. (0x12B)
[0228/205613.939:ERROR:process_memory_win.cc(73)] ReadMemory at 0x239909d2410 of 132 bytes failed: Only part of a ReadProcessMemory or WriteProcessMemory request was completed. (0x12B)
[0228/205613.939:ERROR:process_memory_win.cc(73)] ReadMemory at 0x239909d2540 of 132 bytes failed: Only part of a ReadProcessMemory or WriteProcessMemory request was completed. (0x12B)
[0228/205613.939:ERROR:process_memory_win.cc(73)] ReadMemory at 0x239909d27b0 of 132 bytes failed: Only part of a ReadProcessMemory or WriteProcessMemory request was completed. (0x12B)
[0228/205613.939:ERROR:process_memory_win.cc(73)] ReadMemory at 0x239909d28e0 of 132 bytes failed: Only part of a ReadProcessMemory or WriteProcessMemory request was completed. (0x12B)
[0228/205613.939:ERROR:process_memory_win.cc(73)] ReadMemory at 0x239909d6040 of 62 bytes failed: Only part of a ReadProcessMemory or WriteProcessMemory request was completed. (0x12B)
[0228/205613.940:ERROR:process_memory_win.cc(73)] ReadMemory at 0x239909d60e0 of 60 bytes failed: Only part of a ReadProcessMemory or WriteProcessMemory request was completed. (0x12B)
[0228/205613.940:ERROR:process_memory_win.cc(73)] ReadMemory at 0x239909d6130 of 62 bytes failed: Only part of a ReadProcessMemory or WriteProcessMemory request was completed. (0x12B)
[0228/205613.940:ERROR:process_memory_win.cc(73)] ReadMemory at 0x239909d6220 of 64 bytes failed: Only part of a ReadProcessMemory or WriteProcessMemory request was completed. (0x12B)
[0228/205613.940:ERROR:process_memory_win.cc(73)] ReadMemory at 0x239909d6270 of 62 bytes failed: Only part of a ReadProcessMemory or WriteProcessMemory request was completed. (0x12B)
[0228/205613.940:ERROR:process_memory_win.cc(73)] ReadMemory at 0x239909d62c0 of 58 bytes failed: Only part of a ReadProcessMemory or WriteProcessMemory request was completed. (0x12B)
[0228/205613.940:ERROR:process_memory_win.cc(73)] ReadMemory at 0x239909d6310 of 60 bytes failed: Only part of a ReadProcessMemory or WriteProcessMemory request was completed. (0x12B)
[0228/205613.940:ERROR:process_memory_win.cc(73)] ReadMemory at 0x239909d6360 of 64 bytes failed: Only part of a ReadProcessMemory or WriteProcessMemory request was completed. (0x12B)
[0228/205613.940:ERROR:process_memory_win.cc(73)] ReadMemory at 0x239909d63b0 of 60 bytes failed: Only part of a ReadProcessMemory or WriteProcessMemory request was completed. (0x12B)
[0228/205613.940:ERROR:process_memory_win.cc(73)] ReadMemory at 0x239909d6680 of 62 bytes failed: Only part of a ReadProcessMemory or WriteProcessMemory request was completed. (0x12B)
[0228/205613.940:ERROR:process_memory_win.cc(73)] ReadMemory at 0x239909d6720 of 60 bytes failed: Only part of a ReadProcessMemory or WriteProcessMemory request was completed. (0x12B)
[0228/205613.940:ERROR:process_memory_win.cc(73)] ReadMemory at 0x239909d67c0 of 62 bytes failed: Only part of a ReadProcessMemory or WriteProcessMemory request was completed. (0x12B)
[0228/205613.941:ERROR:process_memory_win.cc(73)] ReadMemory at 0x239909d6810 of 64 bytes failed: Only part of a ReadProcessMemory or WriteProcessMemory request was completed. (0x12B)
[0228/205613.941:ERROR:process_memory_win.cc(73)] ReadMemory at 0x239909d68b0 of 62 bytes failed: Only part of a ReadProcessMemory or WriteProcessMemory request was completed. (0x12B)
[0228/205613.941:ERROR:process_memory_win.cc(73)] ReadMemory at 0x239909d6ae0 of 64 bytes failed: Only part of a ReadProcessMemory or WriteProcessMemory request was completed. (0x12B)
[0228/205613.941:ERROR:process_memory_win.cc(73)] ReadMemory at 0x239909d6b30 of 62 bytes failed: Only part of a ReadProcessMemory or WriteProcessMemory request was completed. (0x12B)
[0228/205613.941:ERROR:process_memory_win.cc(73)] ReadMemory at 0x239909d6c70 of 62 bytes failed: Only part of a ReadProcessMemory or WriteProcessMemory request was completed. (0x12B)
[0228/205613.941:ERROR:process_memory_win.cc(73)] ReadMemory at 0x239909d6d10 of 66 bytes failed: Only part of a ReadProcessMemory or WriteProcessMemory request was completed. (0x12B)
[0228/205613.941:ERROR:process_memory_win.cc(73)] ReadMemory at 0x239909d6db0 of 62 bytes failed: Only part of a ReadProcessMemory or WriteProcessMemory request was completed. (0x12B)
[0228/205613.941:ERROR:process_memory_win.cc(73)] ReadMemory at 0x239909d6ea0 of 64 bytes failed: Only part of a ReadProcessMemory or WriteProcessMemory request was completed. (0x12B)
[0228/205613.941:ERROR:process_memory_win.cc(73)] ReadMemory at 0x239909d6f60 of 132 bytes failed: Only part of a ReadProcessMemory or WriteProcessMemory request was completed. (0x12B)
[0228/205613.941:ERROR:process_memory_win.cc(73)] ReadMemory at 0x239909d7090 of 132 bytes failed: Only part of a ReadProcessMemory or WriteProcessMemory request was completed. (0x12B)
[0228/205613.941:ERROR:process_memory_win.cc(73)] ReadMemory at 0x239909d71c0 of 132 bytes failed: Only part of a ReadProcessMemory or WriteProcessMemory request was completed. (0x12B)
[0228/205613.942:ERROR:process_memory_win.cc(73)] ReadMemory at 0x239909d72f0 of 132 bytes failed: Only part of a ReadProcessMemory or WriteProcessMemory request was completed. (0x12B)
[0228/205613.942:ERROR:process_memory_win.cc(73)] ReadMemory at 0x239909d7420 of 132 bytes failed: Only part of a ReadProcessMemory or WriteProcessMemory request was completed. (0x12B)
[0228/205613.942:ERROR:process_memory_win.cc(73)] ReadMemory at 0x239909d7550 of 132 bytes failed: Only part of a ReadProcessMemory or WriteProcessMemory request was completed. (0x12B)
[0228/205613.943:ERROR:process_memory_win.cc(73)] ReadMemory at 0x239909d7680 of 132 bytes failed: Only part of a ReadProcessMemory or WriteProcessMemory request was completed. (0x12B)
[0228/205613.943:ERROR:process_memory_win.cc(73)] ReadMemory at 0x239909d77b0 of 132 bytes failed: Only part of a ReadProcessMemory or WriteProcessMemory request was completed. (0x12B)
[0228/205613.943:ERROR:process_memory_win.cc(73)] ReadMemory at 0x239909d78e0 of 132 bytes failed: Only part of a ReadProcessMemory or WriteProcessMemory request was completed. (0x12B)
[0228/205613.943:ERROR:process_memory_win.cc(73)] ReadMemory at 0x239909d7a10 of 132 bytes failed: Only part of a ReadProcessMemory or WriteProcessMemory request was completed. (0x12B)
[0228/205613.943:ERROR:process_memory_win.cc(73)] ReadMemory at 0x239909d7b40 of 132 bytes failed: Only part of a ReadProcessMemory or WriteProcessMemory request was completed. (0x12B)
[0228/205613.943:ERROR:process_memory_win.cc(73)] ReadMemory at 0x239909d7c70 of 132 bytes failed: Only part of a ReadProcessMemory or WriteProcessMemory request was completed. (0x12B)
[0228/205613.943:ERROR:process_memory_win.cc(73)] ReadMemory at 0x239909d7ed0 of 132 bytes failed: Only part of a ReadProcessMemory or WriteProcessMemory request was completed. (0x12B)
[0228/205613.943:ERROR:process_memory_win.cc(73)] ReadMemory at 0x239909d8000 of 132 bytes failed: Only part of a ReadProcessMemory or WriteProcessMemory request was completed. (0x12B)
[0228/205613.943:ERROR:process_memory_win.cc(73)] ReadMemory at 0x239909d8130 of 132 bytes failed: Only part of a ReadProcessMemory or WriteProcessMemory request was completed. (0x12B)
[0228/205613.943:ERROR:process_memory_win.cc(73)] ReadMemory at 0x239909d8260 of 132 bytes failed: Only part of a ReadProcessMemory or WriteProcessMemory request was completed. (0x12B)
[0228/205613.943:ERROR:process_memory_win.cc(73)] ReadMemory at 0x239909d84c0 of 132 bytes failed: Only part of a ReadProcessMemory or WriteProcessMemory request was completed. (0x12B)
[0228/205613.943:ERROR:process_memory_win.cc(73)] ReadMemory at 0x239909d85f0 of 132 bytes failed: Only part of a ReadProcessMemory or WriteProcessMemory request was completed. (0x12B)
[0228/205613.943:ERROR:process_memory_win.cc(73)] ReadMemory at 0x239909d8720 of 132 bytes failed: Only part of a ReadProcessMemory or WriteProcessMemory request was completed. (0x12B)
[0228/205613.943:ERROR:process_memory_win.cc(73)] ReadMemory at 0x239909d8be0 of 132 bytes failed: Only part of a ReadProcessMemory or WriteProcessMemory request was completed. (0x12B)
[0228/205613.943:ERROR:process_memory_win.cc(73)] ReadMemory at 0x239909d8d10 of 132 bytes failed: Only part of a ReadProcessMemory or WriteProcessMemory request was completed. (0x12B)
[0228/205613.943:ERROR:process_memory_win.cc(73)] ReadMemory at 0x239909ebe20 of 66 bytes failed: Only part of a ReadProcessMemory or WriteProcessMemory request was completed. (0x12B)
[0228/205613.943:ERROR:process_memory_win.cc(73)] ReadMemory at 0x239909ebf60 of 62 bytes failed: Only part of a ReadProcessMemory or WriteProcessMemory request was completed. (0x12B)
[0228/205613.943:ERROR:process_memory_win.cc(73)] ReadMemory at 0x239909ebfb0 of 58 bytes failed: Only part of a ReadProcessMemory or WriteProcessMemory request was completed. (0x12B)
[0228/205613.943:ERROR:process_memory_win.cc(73)] ReadMemory at 0x239909ec000 of 60 bytes failed: Only part of a ReadProcessMemory or WriteProcessMemory request was completed. (0x12B)
[0228/205613.943:ERROR:process_memory_win.cc(73)] ReadMemory at 0x239909ec190 of 60 bytes failed: Only part of a ReadProcessMemory or WriteProcessMemory request was completed. (0x12B)
[0228/205613.943:ERROR:process_memory_win.cc(73)] ReadMemory at 0x239909ec2d0 of 62 bytes failed: Only part of a ReadProcessMemory or WriteProcessMemory request was completed. (0x12B)
[0228/205613.943:ERROR:process_memory_win.cc(73)] ReadMemory at 0x239909ec370 of 58 bytes failed: Only part of a ReadProcessMemory or WriteProcessMemory request was completed. (0x12B)
[0228/205613.943:ERROR:process_memory_win.cc(73)] ReadMemory at 0x239909eca00 of 58 bytes failed: Only part of a ReadProcessMemory or WriteProcessMemory request was completed. (0x12B)
[0228/205613.943:ERROR:process_memory_win.cc(73)] ReadMemory at 0x239909f6ec0 of 512 bytes failed: Only part of a ReadProcessMemory or WriteProcessMemory request was completed. (0x12B)
[0228/205613.943:ERROR:process_memory_win.cc(73)] ReadMemory at 0x239909f7c50 of 512 bytes failed: Only part of a ReadProcessMemory or WriteProcessMemory request was completed. (0x12B)
[0228/205613.943:ERROR:process_memory_win.cc(73)] ReadMemory at 0x239909f7f50 of 512 bytes failed: Only part of a ReadProcessMemory or WriteProcessMemory request was completed. (0x12B)
[0228/205613.944:ERROR:process_memory_win.cc(73)] ReadMemory at 0x23990ac0000 of 384 bytes failed: Only part of a ReadProcessMemory or WriteProcessMemory request was completed. (0x12B)
[0228/205613.944:ERROR:process_memory_win.cc(73)] ReadMemory at 0x23990ac9370 of 512 bytes failed: Only part of a ReadProcessMemory or WriteProcessMemory request was completed. (0x12B)
[0228/205613.944:ERROR:process_memory_win.cc(73)] ReadMemory at 0x23990ca1a80 of 512 bytes failed: Only part of a ReadProcessMemory or WriteProcessMemory request was completed. (0x12B)
[0228/205613.944:ERROR:process_memory_win.cc(73)] ReadMemory at 0x23990ca2140 of 512 bytes failed: Only part of a ReadProcessMemory or WriteProcessMemory request was completed. (0x12B)
[0228/205613.944:ERROR:process_memory_win.cc(73)] ReadMemory at 0x23990d161c0 of 512 bytes failed: Only part of a ReadProcessMemory or WriteProcessMemory request was completed. (0x12B)
[0228/205613.944:ERROR:process_memory_win.cc(73)] ReadMemory at 0x23990d1e680 of 512 bytes failed: Only part of a ReadProcessMemory or WriteProcessMemory request was completed. (0x12B)
[0228/205613.944:ERROR:process_memory_win.cc(73)] ReadMemory at 0x23990d23080 of 512 bytes failed: Only part of a ReadProcessMemory or WriteProcessMemory request was completed. (0x12B)
[0228/205613.944:ERROR:process_memory_win.cc(73)] ReadMemory at 0x23990d31950 of 512 bytes failed: Only part of a ReadProcessMemory or WriteProcessMemory request was completed. (0x12B)
[0228/205613.945:ERROR:process_memory_win.cc(73)] ReadMemory at 0x23990d3e170 of 712 bytes failed: Only part of a ReadProcessMemory or WriteProcessMemory request was completed. (0x12B)
[0228/205613.945:ERROR:process_memory_win.cc(73)] ReadMemory at 0x23990d48348 of 512 bytes failed: Only part of a ReadProcessMemory or WriteProcessMemory request was completed. (0x12B)
[0228/205613.945:ERROR:process_memory_win.cc(73)] ReadMemory at 0x23990d4a7d0 of 512 bytes failed: Only part of a ReadProcessMemory or WriteProcessMemory request was completed. (0x12B)
[0228/205613.945:ERROR:process_memory_win.cc(73)] ReadMemory at 0x23992e2d610 of 512 bytes failed: Only part of a ReadProcessMemory or WriteProcessMemory request was completed. (0x12B)
[0228/205613.945:ERROR:process_memory_win.cc(73)] ReadMemory at 0x23992e2e060 of 544 bytes failed: Only part of a ReadProcessMemory or WriteProcessMemory request was completed. (0x12B)
[0228/205613.945:ERROR:process_memory_win.cc(73)] ReadMemory at 0x23992ed7b80 of 512 bytes failed: Only part of a ReadProcessMemory or WriteProcessMemory request was completed. (0x12B)
[0228/205613.945:ERROR:process_memory_win.cc(73)] ReadMemory at 0x23992ee1d40 of 512 bytes failed: Only part of a ReadProcessMemory or WriteProcessMemory request was completed. (0x12B)
[0228/205613.945:ERROR:process_memory_win.cc(73)] ReadMemory at 0x23992f9ab00 of 512 bytes failed: Only part of a ReadProcessMemory or WriteProcessMemory request was completed. (0x12B)
[0228/205613.945:ERROR:process_memory_win.cc(73)] ReadMemory at 0x23992fc1b20 of 512 bytes failed: Only part of a ReadProcessMemory or WriteProcessMemory request was completed. (0x12B)
[0228/205613.945:ERROR:process_memory_win.cc(73)] ReadMemory at 0x23992fe84f0 of 512 bytes failed: Only part of a ReadProcessMemory or WriteProcessMemory request was completed. (0x12B)
[0228/205613.945:ERROR:process_memory_win.cc(73)] ReadMemory at 0x23993a2da50 of 512 bytes failed: Only part of a ReadProcessMemory or WriteProcessMemory request was completed. (0x12B)
[0228/205613.945:ERROR:process_memory_win.cc(73)] ReadMemory at 0x23993a36b20 of 560 bytes failed: Only part of a ReadProcessMemory or WriteProcessMemory request was completed. (0x12B)
[0228/205613.946:ERROR:process_memory_win.cc(73)] ReadMemory at 0x23993b0da08 of 512 bytes failed: Only part of a ReadProcessMemory or WriteProcessMemory request was completed. (0x12B)
[0228/205613.946:ERROR:process_memory_win.cc(73)] ReadMemory at 0x23993c3bc40 of 512 bytes failed: Only part of a ReadProcessMemory or WriteProcessMemory request was completed. (0x12B)
[0228/205613.946:ERROR:process_memory_win.cc(73)] ReadMemory at 0x23993c99930 of 656 bytes failed: Only part of a ReadProcessMemory or WriteProcessMemory request was completed. (0x12B)
[0228/205613.946:ERROR:process_memory_win.cc(73)] ReadMemory at 0x23994a01c50 of 512 bytes failed: Only part of a ReadProcessMemory or WriteProcessMemory request was completed. (0x12B)
[0228/205613.946:ERROR:process_memory_win.cc(73)] ReadMemory at 0x23994d1cae7 of 537 bytes failed: Only part of a ReadProcessMemory or WriteProcessMemory request was completed. (0x12B)
[0228/205613.946:ERROR:process_memory_win.cc(73)] ReadMemory at 0x23995817f20 of 512 bytes failed: Only part of a ReadProcessMemory or WriteProcessMemory request was completed. (0x12B)
[0228/205613.946:ERROR:process_memory_win.cc(73)] ReadMemory at 0x7ffac3539f52 of 512 bytes failed: Only part of a ReadProcessMemory or WriteProcessMemory request was completed. (0x12B)
[0228/205613.946:ERROR:process_memory_win.cc(73)] ReadMemory at 0x7ffac558036c of 512 bytes failed: Only part of a ReadProcessMemory or WriteProcessMemory request was completed. (0x12B)
[0228/205613.946:ERROR:process_memory_win.cc(73)] ReadMemory at 0x7ffac5633f66 of 512 bytes failed: Only part of a ReadProcessMemory or WriteProcessMemory request was completed. (0x12B)
[0228/205613.946:ERROR:process_memory_win.cc(73)] ReadMemory at 0x7ffac6af9f40 of 512 bytes failed: Only part of a ReadProcessMemory or WriteProcessMemory request was completed. (0x12B)
[0228/205613.946:ERROR:process_memory_win.cc(73)] ReadMemory at 0x7ffac823f738 of 512 bytes failed: Only part of a ReadProcessMemory or WriteProcessMemory request was completed. (0x12B)
[0228/205613.946:ERROR:process_memory_win.cc(73)] ReadMemory at 0x7ffac8243a64 of 512 bytes failed: Only part of a ReadProcessMemory or WriteProcessMemory request was completed. (0x12B)
[0228/205613.946:ERROR:process_memory_win.cc(73)] ReadMemory at 0x7ffac938c610 of 512 bytes failed: Only part of a ReadProcessMemory or WriteProcessMemory request was completed. (0x12B)
[0228/205613.946:ERROR:process_memory_win.cc(73)] ReadMemory at 0x7ffb147aa7b9 of 512 bytes failed: Only part of a ReadProcessMemory or WriteProcessMemory request was completed. (0x12B)
[0228/205613.947:ERROR:process_memory_win.cc(73)] ReadMemory at 0x7ffb149db6d0 of 512 bytes failed: Only part of a ReadProcessMemory or WriteProcessMemory request was completed. (0x12B)
[0228/205613.947:ERROR:process_memory_win.cc(73)] ReadMemory at 0x7ffb16d7fba6 of 512 bytes failed: Only part of a ReadProcessMemory or WriteProcessMemory request was completed. (0x12B)
[0228/205613.947:ERROR:process_memory_win.cc(73)] ReadMemory at 0x7ffb16ddc0c4 of 672 bytes failed: Only part of a ReadProcessMemory or WriteProcessMemory request was completed. (0x12B)
[0228/205613.947:ERROR:process_memory_win.cc(73)] ReadMemory at 0x7ffb16ddc6c4 of 512 bytes failed: Only part of a ReadProcessMemory or WriteProcessMemory request was completed. (0x12B)
[0228/205613.947:ERROR:process_memory_win.cc(73)] ReadMemory at 0x7ffb16ddf974 of 608 bytes failed: Only part of a ReadProcessMemory or WriteProcessMemory request was completed. (0x12B)
[0228/205613.947:ERROR:process_memory_win.cc(73)] ReadMemory at 0x7ffb16e6c428 of 18 bytes failed: Only part of a ReadProcessMemory or WriteProcessMemory request was completed. (0x12B)
[0228/205613.947:ERROR:process_memory_win.cc(73)] ReadMemory at 0x7ffb16e9f4f8 of 40 bytes failed: Only part of a ReadProcessMemory or WriteProcessMemory request was completed. (0x12B)
[0228/205613.947:ERROR:process_memory_win.cc(73)] ReadMemory at 0x7ffb16e9f978 of 48 bytes failed: Only part of a ReadProcessMemory or WriteProcessMemory request was completed. (0x12B)
[0228/205613.947:ERROR:process_memory_win.cc(73)] ReadMemory at 0x7ffb16ea53c0 of 64 bytes failed: Only part of a ReadProcessMemory or WriteProcessMemory request was completed. (0x12B)
[0228/205613.949:ERROR:scoped_process_suspend.cc(40)] NtResumeProcess: An attempt was made to access an exiting process. (0xc000010a)
[1015/220241.674:ERROR:directory_reader_win.cc(43)] FindFirstFile: The system cannot find the path specified. (0x3)
[1015/225033.935:ERROR:directory_reader_win.cc(43)] FindFirstFile: The system cannot find the path specified. (0x3)
[1016/131643.244:ERROR:directory_reader_win.cc(43)] FindFirstFile: The system cannot find the path specified. (0x3)
[1016/135430.084:ERROR:directory_reader_win.cc(43)] FindFirstFile: The system cannot find the path specified. (0x3)
[1016/150021.742:ERROR:directory_reader_win.cc(43)] FindFirstFile: The system cannot find the path specified. (0x3)
[1016/154709.196:ERROR:directory_reader_win.cc(43)] FindFirstFile: The system cannot find the path specified. (0x3)
[1016/160830.766:ERROR:directory_reader_win.cc(43)] FindFirstFile: The system cannot find the path specified. (0x3)
[1016/173522.303:ERROR:directory_reader_win.cc(43)] FindFirstFile: The system cannot find the path specified. (0x3)
[1016/193854.853:ERROR:directory_reader_win.cc(43)] FindFirstFile: The system cannot find the path specified. (0x3)
[1016/203743.160:ERROR:directory_reader_win.cc(43)] FindFirstFile: The system cannot find the path specified. (0x3)
[1016/205505.174:ERROR:directory_reader_win.cc(43)] FindFirstFile: The system cannot find the path specified. (0x3)
[1017/005205.313:ERROR:directory_reader_win.cc(43)] FindFirstFile: The system cannot find the path specified. (0x3)
[1019/171444.983:ERROR:directory_reader_win.cc(43)] FindFirstFile: The system cannot find the path specified. (0x3)
[1019/203453.386:ERROR:directory_reader_win.cc(43)] FindFirstFile: The system cannot find the path specified. (0x3)
[1019/211747.701:ERROR:directory_reader_win.cc(43)] FindFirstFile: The system cannot find the path specified. (0x3)
[1019/213959.927:ERROR:directory_reader_win.cc(43)] FindFirstFile: The system cannot find the path specified. (0x3)
[1019/223659.242:ERROR:directory_reader_win.cc(43)] FindFirstFile: The system cannot find the path specified. (0x3)
[1019/225049.256:ERROR:directory_reader_win.cc(43)] FindFirstFile: The system cannot find the path specified. (0x3)
[1020/151203.461:ERROR:directory_reader_win.cc(43)] FindFirstFile: The system cannot find the path specified. (0x3)
[1020/160758.558:ERROR:directory_reader_win.cc(43)] FindFirstFile: The system cannot find the path specified. (0x3)
[1020/163619.714:ERROR:directory_reader_win.cc(43)] FindFirstFile: The system cannot find the path specified. (0x3)
[1020/172556.341:ERROR:directory_reader_win.cc(43)] FindFirstFile: The system cannot find the path specified. (0x3)
[1023/182223.472:ERROR:directory_reader_win.cc(43)] FindFirstFile: The system cannot find the path specified. (0x3)
[1029/142636.403:ERROR:directory_reader_win.cc(43)] FindFirstFile: The system cannot find the path specified. (0x3)
[1029/171729.943:ERROR:directory_reader_win.cc(43)] FindFirstFile: The system cannot find the path specified. (0x3)
[1029/173658.177:ERROR:directory_reader_win.cc(43)] FindFirstFile: The system cannot find the path specified. (0x3)
[1029/203940.778:ERROR:directory_reader_win.cc(43)] FindFirstFile: The system cannot find the path specified. (0x3)
[1029/211150.678:ERROR:directory_reader_win.cc(43)] FindFirstFile: The system cannot find the path specified. (0x3)
[1029/222119.226:ERROR:directory_reader_win.cc(43)] FindFirstFile: The system cannot find the path specified. (0x3)
[1030/171138.395:ERROR:directory_reader_win.cc(43)] FindFirstFile: The system cannot find the path specified. (0x3)
[1030/205350.974:ERROR:directory_reader_win.cc(43)] FindFirstFile: The system cannot find the path specified. (0x3)
[1030/215610.322:ERROR:directory_reader_win.cc(43)] FindFirstFile: The system cannot find the path specified. (0x3)
[1030/223816.972:ERROR:directory_reader_win.cc(43)] FindFirstFile: The system cannot find the path specified. (0x3)
[1030/225321.715:ERROR:directory_reader_win.cc(43)] FindFirstFile: The system cannot find the path specified. (0x3)
[1030/231922.808:ERROR:directory_reader_win.cc(43)] FindFirstFile: The system cannot find the path specified. (0x3)
[1031/005023.040:ERROR:directory_reader_win.cc(43)] FindFirstFile: The system cannot find the path specified. (0x3)
[1031/080500.112:ERROR:directory_reader_win.cc(43)] FindFirstFile: The system cannot find the path specified. (0x3)
[1031/162938.917:ERROR:directory_reader_win.cc(43)] FindFirstFile: The system cannot find the path specified. (0x3)
[1031/204755.792:ERROR:directory_reader_win.cc(43)] FindFirstFile: The system cannot find the path specified. (0x3)
[1102/204303.347:ERROR:directory_reader_win.cc(43)] FindFirstFile: The system cannot find the path specified. (0x3)
[1102/212935.772:ERROR:directory_reader_win.cc(43)] FindFirstFile: The system cannot find the path specified. (0x3)
[1112/211734.413:ERROR:directory_reader_win.cc(43)] FindFirstFile: The system cannot find the path specified. (0x3)
[1204/172801.244:ERROR:directory_reader_win.cc(43)] FindFirstFile: The system cannot find the path specified. (0x3)
[1207/221800.851:ERROR:directory_reader_win.cc(43)] FindFirstFile: The system cannot find the path specified. (0x3)
[1207/223218.896:ERROR:directory_reader_win.cc(43)] FindFirstFile: The system cannot find the path specified. (0x3)
[1208/142017.122:ERROR:directory_reader_win.cc(43)] FindFirstFile: The system cannot find the path specified. (0x3)
[1208/142322.278:ERROR:directory_reader_win.cc(43)] FindFirstFile: The system cannot find the path specified. (0x3)
[1208/142521.438:ERROR:directory_reader_win.cc(43)] FindFirstFile: The system cannot find the path specified. (0x3)
[1209/164228.737:ERROR:directory_reader_win.cc(43)] FindFirstFile: The system cannot find the path specified. (0x3)
[1209/175025.677:ERROR:directory_reader_win.cc(43)] FindFirstFile: The system cannot find the path specified. (0x3)
[1209/180647.564:ERROR:directory_reader_win.cc(43)] FindFirstFile: The system cannot find the path specified. (0x3)
[1213/112410.381:ERROR:directory_reader_win.cc(43)] FindFirstFile: The system cannot find the path specified. (0x3)
[1213/145025.528:ERROR:directory_reader_win.cc(43)] FindFirstFile: The system cannot find the path specified. (0x3)
[1213/145141.736:ERROR:directory_reader_win.cc(43)] FindFirstFile: The system cannot find the path specified. (0x3)
[1213/151522.738:ERROR:directory_reader_win.cc(43)] FindFirstFile: The system cannot find the path specified. (0x3)
[1213/152458.370:ERROR:directory_reader_win.cc(43)] FindFirstFile: The system cannot find the path specified. (0x3)
[1213/152726.600:ERROR:directory_reader_win.cc(43)] FindFirstFile: The system cannot find the path specified. (0x3)
[1213/214803.613:ERROR:directory_reader_win.cc(43)] FindFirstFile: The system cannot find the path specified. (0x3)
[1213/215146.372:ERROR:directory_reader_win.cc(43)] FindFirstFile: The system cannot find the path specified. (0x3)
[1213/222926.721:ERROR:directory_reader_win.cc(43)] FindFirstFile: The system cannot find the path specified. (0x3)
[1213/230839.681:ERROR:directory_reader_win.cc(43)] FindFirstFile: The system cannot find the path specified. (0x3)
[1213/231240.697:ERROR:directory_reader_win.cc(43)] FindFirstFile: The system cannot find the path specified. (0x3)
[1213/231835.646:ERROR:directory_reader_win.cc(43)] FindFirstFile: The system cannot find the path specified. (0x3)
